#
# A fatal error has been detected by the Java Runtime Environment:
#
#  SIGBUS (0x7) at pc=0x00007fdf424ffd10, pid=29169, tid=0x00007fdf45552700
#
# JRE version: Java(TM) SE Runtime Environment (8.0_221-b11) (build 1.8.0_221-b11)
# Java VM: Java HotSpot(TM) 64-Bit Server VM (25.221-b11 mixed mode linux-amd64 compressed oops)
# Problematic frame:
# C  [libzip.so+0x11d10]  newEntry.isra.4+0x60
#
# Failed to write core dump. Core dumps have been disabled. To enable core dumping, try "ulimit -c unlimited" before starting Java again
#
# If you would like to submit a bug report, please visit:
#   http://bugreport.java.com/bugreport/crash.jsp
# The crash happened outside the Java Virtual Machine in native code.
# See problematic frame for where to report the bug.
#

---------------  T H R E A D  ---------------

Current thread (0x00007fdf3c00b800):  JavaThread "main" [_thread_in_native, id=29180, stack(0x00007fdf45453000,0x00007fdf45553000)]

siginfo: si_signo: 7 (SIGBUS), si_code: 2 (BUS_ADRERR), si_addr: 0x00007fdf1c4232d7

Registers:
RAX=0x00007fdf3c51c550, RBX=0x00007fdf3d1de830, RCX=0x00007fdf3c0008d0, RDX=0x00007fdf3c51c550
RSP=0x00007fdf4554fc30, RBP=0x00007fdf4554fca0, RSI=0x00007fdf3c0008e8, RDI=0x00007fdf3c51f5d0
R8 =0x00000000b6dd9488, R9 =0x000000000000004f, R10=0x00007fdf2d140e98, R11=0x000000077e908148
R12=0x000000000001c2b9, R13=0x00000000b6dd9488, R14=0x00007fdf3c51c550, R15=0x00007fdf1c4232b9
RIP=0x00007fdf424ffd10, EFLAGS=0x0000000000010202, CSGSFS=0x002b000000000033, ERR=0x0000000000000004
  TRAPNO=0x000000000000000e

Top of Stack: (sp=0x00007fdf4554fc30)
0x00007fdf4554fc30:   0000000000000e3e 00007fdf4554fc90
0x00007fdf4554fc40:   0000000000000000 00007fdf00000000
0x00007fdf4554fc50:   00000000029eec1e 00007fdf3d948b80
0x00007fdf4554fc60:   0000000000000054 00000000441fc691
0x00007fdf4554fc70:   000000000000004f 00007fdf3d944df0
0x00007fdf4554fc80:   000000000000004f 00000000b6dd9488
0x00007fdf4554fc90:   00007fdf3d1de830 00007fdf3c51eaf0
0x00007fdf4554fca0:   00007fdf4554fcf0 00007fdf425009fe
0x00007fdf4554fcb0:   000000000000004f 00007fdf4554fd10
0x00007fdf4554fcc0:   00000000029fe985 000000000000004f
0x00007fdf4554fcd0:   00007fdf3c00b9f8 00007fdf45550168
0x00007fdf4554fce0:   00007fdf4554fd10 00007fdf3d1de830
0x00007fdf4554fcf0:   00007fdf45550150 00007fdf424f1a75
0x00007fdf4554fd00:   00007fdf3d1de830 00007fdf00000000
0x00007fdf4554fd10:   2f464e492d424557 2f73657373616c63
0x00007fdf4554fd20:   6d2f626f672f7673 6769732f64656e69
0x00007fdf4554fd30:   69737265702f7365 2f6169636e657473
0x00007fdf4554fd40:   6564616469746e65 6f6c617461632f73
0x00007fdf4554fd50:   69615067532f6f67 007373616c632e73
0x00007fdf4554fd60:   00007fdf455501c0 00007fdf424f1a75
0x00007fdf4554fd70:   00007fdf3d1de830 00007fdf00000000
0x00007fdf4554fd80:   2f464e492d424557 2f73657373616c63
0x00007fdf4554fd90:   6d2f626f672f7673 6769732f64656e69
0x00007fdf4554fda0:   69737265702f7365 2f6169636e657473
0x00007fdf4554fdb0:   6564616469746e65 6f6c617461632f73
0x00007fdf4554fdc0:   70695467532f6f67 736566696e614d6f
0x00007fdf4554fdd0:   2e5f6e6f69636174 7300007373616c63
0x00007fdf4554fde0:   00007fdf3d1d0073 00007fdf00000000
0x00007fdf4554fdf0:   2f464e492d424557 2f73657373616c63
0x00007fdf4554fe00:   6d2f626f672f7673 6769732f64656e69
0x00007fdf4554fe10:   69737265702f7365 2f6169636e657473
0x00007fdf4554fe20:   6564616469746e65 6f6c617461632f73 

Instructions: (pc=0x00007fdf424ffd10)
0x00007fdf424ffcf0:   00 00 00 48 c7 40 28 00 00 00 00 4d 8b 24 24 0f
0x00007fdf424ffd00:   84 1b 01 00 00 4c 2b 63 28 4c 8b 7b 18 4d 01 e7
0x00007fdf424ffd10:   41 0f b7 47 1e 45 0f b7 6f 1c 45 31 e4 66 89 45
0x00007fdf424ffd20:   ca 41 0f b7 47 20 44 89 ea 66 89 45 c8 41 8b 47 

Register to memory mapping:

RAX=0x00007fdf3c51c550 is an unknown value
RBX=0x00007fdf3d1de830 is an unknown value
RCX=0x00007fdf3c0008d0 is an unknown value
RDX=0x00007fdf3c51c550 is an unknown value
RSP=0x00007fdf4554fc30 is pointing into the stack for thread: 0x00007fdf3c00b800
RBP=0x00007fdf4554fca0 is pointing into the stack for thread: 0x00007fdf3c00b800
RSI=0x00007fdf3c0008e8 is an unknown value
RDI=0x00007fdf3c51f5d0 is an unknown value
R8 =0x00000000b6dd9488 is an unknown value
R9 =0x000000000000004f is an unknown value
R10=0x00007fdf2d140e98 is at entry_point+88 in (nmethod*)0x00007fdf2d140cd0
R11=0x000000077e908148 is an oop
