#
# A fatal error has been detected by the Java Runtime Environment:
#
#  SIGBUS (0x7) at pc=0x00007f199f175d10, pid=29270, tid=0x00007f19a6244700
#
# JRE version: Java(TM) SE Runtime Environment (8.0_221-b11) (build 1.8.0_221-b11)
# Java VM: Java HotSpot(TM) 64-Bit Server VM (25.221-b11 mixed mode linux-amd64 compressed oops)
# Problematic frame:
# C  [libzip.so+0x11d10]  newEntry.isra.4+0x60
#
# Failed to write core dump. Core dumps have been disabled. To enable core dumping, try "ulimit -c unlimited" before starting Java again
#
# If you would like to submit a bug report, please visit:
#   http://bugreport.java.com/bugreport/crash.jsp
# The crash happened outside the Java Virtual Machine in native code.
# See problematic frame for where to report the bug.
#

---------------  T H R E A D  ---------------

Current thread (0x00007f19a000b800):  JavaThread "main" [_thread_in_native, id=29298, stack(0x00007f19a6145000,0x00007f19a6245000)]

siginfo: si_signo: 7 (SIGBUS), si_code: 2 (BUS_ADRERR), si_addr: 0x00007f197c31a2b1

Registers:
RAX=0x00007f19a126b9f0, RBX=0x00007f19a126b8a0, RCX=0x00007f19a00008d0, RDX=0x00007f19a126b9f0
RSP=0x00007f19a6241dd0, RBP=0x00007f19a6241e40, RSI=0x00007f19a00008e8, RDI=0x00007f19a1357470
R8 =0x00000000ce0868b5, R9 =0x0000000000000055, R10=0x00007f19902a9a18, R11=0x000000079a92fca0
R12=0x000000000001a293, R13=0x00000000ce0868b5, R14=0x00007f19a126b9f0, R15=0x00007f197c31a293
RIP=0x00007f199f175d10, EFLAGS=0x0000000000010206, CSGSFS=0x002b000000000033, ERR=0x0000000000000004
  TRAPNO=0x000000000000000e

Top of Stack: (sp=0x00007f19a6241dd0)
0x00007f19a6241dd0:   2f464e492d424557 2f73657373616c63
0x00007f19a6241de0:   6d2f626f672f7673 6769732f64656e69
0x00007f19a6241df0:   69737265702f7365 2f6169636e657473
0x00007f19a6241e00:   6564616469746e65 00000000a4eee691
0x00007f19a6241e10:   0000000000000055 00007f19a12c2be0
0x00007f19a6241e20:   0000000000000055 00000000ce0868b5
0x00007f19a6241e30:   00007f19a126b8a0 00007f19a127c0b0
0x00007f19a6241e40:   00007f19a6241e90 00007f199f1769fe
0x00007f19a6241e50:   002f626f00000055 00007f19a6241eb0
0x00007f19a6241e60:   69737265702f7365 0000000000000055
0x00007f19a6241e70:   00007f19a000b9f8 00007f19a6242308
0x00007f19a6241e80:   00007f19a6241eb0 00007f19a126b8a0
0x00007f19a6241e90:   00007f19a62422f0 00007f199f167a75
0x00007f19a6241ea0:   000000000000001e 0000000000000000
0x00007f19a6241eb0:   2f464e492d424557 2f73657373616c63
0x00007f19a6241ec0:   6d2f626f672f7673 6769732f64656e69
0x00007f19a6241ed0:   69737265702f7365 2f6169636e657473
0x00007f19a6241ee0:   6564616469746e65 6f6c617461632f73
0x00007f19a6241ef0:   6d6f4367532f6f67 2e65746e656e6f70
0x00007f19a6241f00:   0000007373616c63 00007f19a12d1394
0x00007f19a6241f10:   00007f19a12d1c88 00007f19a12d12c0
0x00007f19a6241f20:   0000000000000001 0000000000000006
0x00007f19a6241f30:   00007f19a6241f90 00007f199f173f1e
0x00007f19a6241f40:   00000012a6242100 00007f19a199b040
0x00007f19a6241f50:   00000000000016ef 0000001800000008
0x00007f19a6241f60:   00007f19a6241f90 00007f199f16875b
0x00007f19a6241f70:   00007f19a12d12c0 0000000000000004
0x00007f19a6241f80:   00007f19a6241fb0 00007f199f16875b
0x00007f19a6241f90:   00007f19a13573b0 0000000000000000
0x00007f19a6241fa0:   00007f19a0089e00 0000000000000000
0x00007f19a6241fb0:   0000000000000000 00007f19a000b800
0x00007f19a6241fc0:   00007f19a6242010 00007f19a13573b0 

Instructions: (pc=0x00007f199f175d10)
0x00007f199f175cf0:   00 00 00 48 c7 40 28 00 00 00 00 4d 8b 24 24 0f
0x00007f199f175d00:   84 1b 01 00 00 4c 2b 63 28 4c 8b 7b 18 4d 01 e7
0x00007f199f175d10:   41 0f b7 47 1e 45 0f b7 6f 1c 45 31 e4 66 89 45
0x00007f199f175d20:   ca 41 0f b7 47 20 44 89 ea 66 89 45 c8 41 8b 47 

Register to memory mapping:

RAX=0x00007f19a126b9f0 is an unknown value
RBX=0x00007f19a126b8a0 is an unknown value
RCX=0x00007f19a00008d0 is an unknown value
RDX=0x00007f19a126b9f0 is an unknown value
RSP=0x00007f19a6241dd0 is pointing into the stack for thread: 0x00007f19a000b800
RBP=0x00007f19a6241e40 is pointing into the stack for thread: 0x00007f19a000b800
RSI=0x00007f19a00008e8 is an unknown value
RDI=0x00007f19a1357470 is an unknown value
R8 =0x00000000ce0868b5 is an unknown value
R9 =0x0000000000000055 is an unknown value
R10=0x00007f19902a9a18 is at entry_point+88 in (nmethod*)0x00007f19902a9850
R11=0x000000079a92fca0 is an oop
