#
# A fatal error has been detected by the Java Runtime Environment:
#
#  SIGBUS (0x7) at pc=0x00007f571477ea32, pid=9631, tid=0x00007f5714ed5700
#
# JRE version: Java(TM) SE Runtime Environment (8.0_111-b14) (build 1.8.0_111-b14)
# Java VM: Java HotSpot(TM) 64-Bit Server VM (25.111-b14 mixed mode linux-amd64 compressed oops)
# Problematic frame:
# C  [libzip.so+0x11a32]  newEntry+0x62
#
# Failed to write core dump. Core dumps have been disabled. To enable core dumping, try "ulimit -c unlimited" before starting Java again
#
# If you would like to submit a bug report, please visit:
#   http://bugreport.java.com/bugreport/crash.jsp
# The crash happened outside the Java Virtual Machine in native code.
# See problematic frame for where to report the bug.
#

---------------  T H R E A D  ---------------

Current thread (0x00007f571000a000):  JavaThread "main" [_thread_in_native, id=9650, stack(0x00007f5714dd6000,0x00007f5714ed6000)]

siginfo: si_signo: 7 (SIGBUS), si_code: 2 (BUS_ADRERR), si_addr: 0x00007f56cc88da4f

Registers:
RAX=0x00007f571189af80, RBX=0x00007f57118f61e0, RCX=0x00007f57100008d6, RDX=0x0000000000000002
RSP=0x00007f5714ed2b50, RBP=0x00007f5714ed2ba0, RSI=0x00007f57117ff380, RDI=0x0000000000000048
R8 =0x00007f571189af80, R9 =0x00007f5714ed2c20, R10=0x00007f5701148198, R11=0x000000079e12a7b0
R12=0x00007f56cc88da32, R13=0x00007f571189af80, R14=0x000000008fe016a3, R15=0x00007f57118a1f80
RIP=0x00007f571477ea32, EFLAGS=0x0000000000010202, CSGSFS=0x002b000000000033, ERR=0x0000000000000004
  TRAPNO=0x000000000000000e

Top of Stack: (sp=0x00007f5714ed2b50)
0x00007f5714ed2b50:   6d2f626f672f7673 0000002f00000000
0x00007f5714ed2b60:   00000007c00007a8 00007f5715903b4e
0x00007f5714ed2b70:   00007f571189af80 00007f57118f61e0
0x00007f5714ed2b80:   00007f57118a71d0 00007f57118a1f80
0x00007f5714ed2b90:   000000008fe016a3 000000000000004b
0x00007f5714ed2ba0:   00007f5714ed2c00 00007f571477f18f
0x00007f5714ed2bb0:   00007f571000a000 0073657373616c63
0x00007f5714ed2bc0:   00007f5714ed2c20 00007f5714ed2c6c
0x00007f5714ed2bd0:   00007f5714ed2c6a 00007f5714ed2c20
0x00007f5714ed2be0:   000000000000004b 00007f571000a1f8
0x00007f5714ed2bf0:   00007f5714ed3078 0000000000000000
0x00007f5714ed2c00:   00007f5714ed3060 00007f5714770ec0
0x00007f5714ed2c10:   0000000000000018 00007f57118a1f80
0x00007f5714ed2c20:   2f464e492d424557 2f73657373616c63
0x00007f5714ed2c30:   6d2f626f672f7673 6769732f64656e69
0x00007f5714ed2c40:   722f6265772f7365 6e65696c63747365
0x00007f5714ed2c50:   6972756765532f74 4374736552646164
0x00007f5714ed2c60:   6c632e746e65696c 0073736100737361
0x00007f5714ed2c70:   7373616c632e746e 00007f5711898000
0x00007f5714ed2c80:   0000000000000017 00000007c03f1cb0
0x00007f5714ed2c90:   00007f571000a000 0000000000000034
0x00007f5714ed2ca0:   00000007c03f1cb0 000000000000001d
0x00007f5714ed2cb0:   0000001e00000000 000000000000001c
0x00007f5714ed2cc0:   00007f5711898030 000000000000001e
0x00007f5714ed2cd0:   00007f5711898b58 00007f5711898adc
0x00007f5714ed2ce0:   00007f5714ed2d70 00007f571477b637
0x00007f5714ed2cf0:   00007f5714ed2d30 00007f57118a62d0
0x00007f5714ed2d00:   00007f5711898ba8 0000000000000012
0x00007f5714ed2d10:   00007f5714782bc0 0000000100000224
0x00007f5714ed2d20:   0006000100002d40 00800040001e000e
0x00007f5714ed2d30:   0800040002000100 8000400020001000
0x00007f5714ed2d40:   0000001714ed2d60 00007f57118989e8 

Instructions: (pc=0x00007f571477ea32)
0x00007f571477ea12:   00 48 c7 40 28 00 00 00 00 41 80 7f 30 00 0f 84
0x00007f571477ea22:   8a 02 00 00 4c 8b 63 08 4d 2b 67 28 4d 03 67 18
0x00007f571477ea32:   41 0f b6 5c 24 1d 41 0f b6 44 24 1c c1 e3 08 09
0x00007f571477ea42:   c3 41 0f b6 44 24 1e 88 45 bd 41 0f b6 54 24 20 

Register to memory mapping:

RAX=0x00007f571189af80 is an unknown value
RBX=0x00007f57118f61e0 is an unknown value
RCX=0x00007f57100008d6 is an unknown value
RDX=0x0000000000000002 is an unknown value
RSP=0x00007f5714ed2b50 is pointing into the stack for thread: 0x00007f571000a000
RBP=0x00007f5714ed2ba0 is pointing into the stack for thread: 0x00007f571000a000
RSI=0x00007f57117ff380 is an unknown value
RDI=0x0000000000000048 is an unknown value
R8 =0x00007f571189af80 is an unknown value
R9 =0x00007f5714ed2c20 is pointing into the stack for thread: 0x00007f571000a000
R10=0x00007f5701148198 is at entry_point+88 in (nmethod*)0x00007f5701147fd0
R11=0x000000079e12a7b0 is an oop
